<?xml version="1.0" encoding="UTF-8"?>
<!-- Generated by org.testng.reporters.JUnitXMLReporter -->
<testsuite ignored="0" hostname="Bilals-MacBook-Pro-2.local" failures="0" tests="11" name="Default test" time="184.867" errors="0" timestamp="2023-03-20T16:54:35 PKT">
  <testcase classname="Tests.BaseClass" name="HomePagetoReg" time="12.308"/>
  <testcase classname="Tests.BaseClass" name="Registration" time="9.339"/>
  <testcase classname="Tests.BaseClass" name="EmailVerificationInAccount" time="9.845"/>
  <testcase classname="Tests.BaseClass" name="DisableEmailField" time="3.332"/>
  <testcase classname="Tests.BaseClass" name="PLPtoPDP" time="20.711"/>
  <testcase classname="Tests.BaseClass" name="Add2Bag" time="29.002"/>
  <testcase classname="Tests.BaseClass" name="AddShippingAddress" time="13.483"/>
  <testcase classname="Tests.BaseClass" name="AddPaymentMethod" time="19.167"/>
  <testcase classname="Tests.BaseClass" name="COD_Paypal" time="15.973"/>
  <testcase classname="Tests.BaseClass" name="Wishlist_Validations" time="21.836"/>
  <testcase classname="Tests.BaseClass" name="Logout_ChangeLanguage" time="9.208"/>
</testsuite> <!-- Default test -->
