<?xml version="1.0" encoding="UTF-8"?>
<!-- Generated by org.testng.reporters.JUnitXMLReporter -->
<testsuite ignored="0" hostname="Bilals-MacBook-Pro-2.local" failures="0" tests="11" name="Default test" time="189.624" errors="0" timestamp="2023-03-21T12:56:00 PKT">
  <testcase classname="Tests.BaseClass" name="HomePagetoReg" time="12.265"/>
  <testcase classname="Tests.BaseClass" name="Registration" time="9.265"/>
  <testcase classname="Tests.BaseClass" name="EmailVerificationInAccount" time="7.818"/>
  <testcase classname="Tests.BaseClass" name="DisableEmailField" time="1.971"/>
  <testcase classname="Tests.BaseClass" name="PLPtoPDP" time="29.527"/>
  <testcase classname="Tests.BaseClass" name="Add2Bag" time="28.942"/>
  <testcase classname="Tests.BaseClass" name="AddShippingAddress" time="14.03"/>
  <testcase classname="Tests.BaseClass" name="AddPaymentMethod" time="18.773"/>
  <testcase classname="Tests.BaseClass" name="COD_Paypal" time="12.727"/>
  <testcase classname="Tests.BaseClass" name="Wishlist_Validations" time="21.01"/>
  <testcase classname="Tests.BaseClass" name="Logout_ChangeLanguage" time="7.169"/>
</testsuite> <!-- Default test -->
