<?xml version="1.0" encoding="UTF-8"?>
<testng-results ignored="0" total="11" passed="11" failed="0" skipped="0">
  <reporter-output>
  </reporter-output>
  <suite started-at="2023-03-21T12:52:45 PKT" name="Default suite" finished-at="2023-03-21T12:55:55 PKT" duration-ms="189624">
    <groups>
    </groups>
    <test started-at="2023-03-21T12:52:45 PKT" name="Default test" finished-at="2023-03-21T12:55:55 PKT" duration-ms="189624">
      <class name="Tests.BaseClass">
        <test-method is-config="true" signature="setup()[pri:0, instance:Tests.BaseClass@6e9175d8]" started-at="2023-03-21T12:52:45 PKT" name="setup" finished-at="2023-03-21T12:53:10 PKT" duration-ms="25395" status="PASS">
          <reporter-output>
          </reporter-output>
        </test-method> <!-- setup -->
        <test-method signature="HomePagetoReg()[pri:1, instance:Tests.BaseClass@6e9175d8]" started-at="2023-03-21T12:53:10 PKT" name="HomePagetoReg" finished-at="2023-03-21T12:53:23 PKT" duration-ms="12265" status="PASS">
          <reporter-output>
          </reporter-output>
        </test-method> <!-- HomePagetoReg -->
        <test-method is-config="true" signature="getResult(org.testng.ITestResult)[pri:0, instance:Tests.BaseClass@6e9175d8]" started-at="2023-03-21T12:53:23 PKT" name="getResult" finished-at="2023-03-21T12:53:23 PKT" duration-ms="40" status="PASS">
          <params>
            <param index="0">
              <value>
                <![CDATA[[TestResult name=HomePagetoReg status=SUCCESS method=BaseClass.HomePagetoReg()[pri:1, instance:Tests.BaseClass@6e9175d8] output={null}]]]>
              </value>
            </param>
          </params>
          <reporter-output>
          </reporter-output>
        </test-method> <!-- getResult -->
        <test-method signature="Registration()[pri:2, instance:Tests.BaseClass@6e9175d8]" started-at="2023-03-21T12:53:23 PKT" name="Registration" finished-at="2023-03-21T12:53:32 PKT" duration-ms="9265" status="PASS">
          <reporter-output>
          </reporter-output>
        </test-method> <!-- Registration -->
        <test-method is-config="true" signature="getResult(org.testng.ITestResult)[pri:0, instance:Tests.BaseClass@6e9175d8]" started-at="2023-03-21T12:53:32 PKT" name="getResult" finished-at="2023-03-21T12:53:32 PKT" duration-ms="3" status="PASS">
          <params>
            <param index="0">
              <value>
                <![CDATA[[TestResult name=Registration status=SUCCESS method=BaseClass.Registration()[pri:2, instance:Tests.BaseClass@6e9175d8] output={null}]]]>
              </value>
            </param>
          </params>
          <reporter-output>
          </reporter-output>
        </test-method> <!-- getResult -->
        <test-method signature="EmailVerificationInAccount()[pri:3, instance:Tests.BaseClass@6e9175d8]" started-at="2023-03-21T12:53:32 PKT" name="EmailVerificationInAccount" finished-at="2023-03-21T12:53:40 PKT" duration-ms="7818" status="PASS">
          <reporter-output>
          </reporter-output>
        </test-method> <!-- EmailVerificationInAccount -->
        <test-method is-config="true" signature="getResult(org.testng.ITestResult)[pri:0, instance:Tests.BaseClass@6e9175d8]" started-at="2023-03-21T12:53:40 PKT" name="getResult" finished-at="2023-03-21T12:53:40 PKT" duration-ms="2" status="PASS">
          <params>
            <param index="0">
              <value>
                <![CDATA[[TestResult name=EmailVerificationInAccount status=SUCCESS method=BaseClass.EmailVerificationInAccount()[pri:3, instance:Tests.BaseClass@6e9175d8] output={null}]]]>
              </value>
            </param>
          </params>
          <reporter-output>
          </reporter-output>
        </test-method> <!-- getResult -->
        <test-method signature="DisableEmailField()[pri:4, instance:Tests.BaseClass@6e9175d8]" started-at="2023-03-21T12:53:40 PKT" name="DisableEmailField" finished-at="2023-03-21T12:53:42 PKT" duration-ms="1971" status="PASS">
          <reporter-output>
          </reporter-output>
        </test-method> <!-- DisableEmailField -->
        <test-method is-config="true" signature="getResult(org.testng.ITestResult)[pri:0, instance:Tests.BaseClass@6e9175d8]" started-at="2023-03-21T12:53:42 PKT" name="getResult" finished-at="2023-03-21T12:53:42 PKT" duration-ms="0" status="PASS">
          <params>
            <param index="0">
              <value>
                <![CDATA[[TestResult name=DisableEmailField status=SUCCESS method=BaseClass.DisableEmailField()[pri:4, instance:Tests.BaseClass@6e9175d8] output={null}]]]>
              </value>
            </param>
          </params>
          <reporter-output>
          </reporter-output>
        </test-method> <!-- getResult -->
        <test-method signature="PLPtoPDP()[pri:5, instance:Tests.BaseClass@6e9175d8]" started-at="2023-03-21T12:53:42 PKT" name="PLPtoPDP" finished-at="2023-03-21T12:54:11 PKT" duration-ms="29527" status="PASS">
          <reporter-output>
          </reporter-output>
        </test-method> <!-- PLPtoPDP -->
        <test-method is-config="true" signature="getResult(org.testng.ITestResult)[pri:0, instance:Tests.BaseClass@6e9175d8]" started-at="2023-03-21T12:54:11 PKT" name="getResult" finished-at="2023-03-21T12:54:11 PKT" duration-ms="3" status="PASS">
          <params>
            <param index="0">
              <value>
                <![CDATA[[TestResult name=PLPtoPDP status=SUCCESS method=BaseClass.PLPtoPDP()[pri:5, instance:Tests.BaseClass@6e9175d8] output={null}]]]>
              </value>
            </param>
          </params>
          <reporter-output>
          </reporter-output>
        </test-method> <!-- getResult -->
        <test-method signature="Add2Bag()[pri:6, instance:Tests.BaseClass@6e9175d8]" started-at="2023-03-21T12:54:11 PKT" name="Add2Bag" finished-at="2023-03-21T12:54:40 PKT" duration-ms="28942" status="PASS">
          <reporter-output>
          </reporter-output>
        </test-method> <!-- Add2Bag -->
        <test-method is-config="true" signature="getResult(org.testng.ITestResult)[pri:0, instance:Tests.BaseClass@6e9175d8]" started-at="2023-03-21T12:54:40 PKT" name="getResult" finished-at="2023-03-21T12:54:40 PKT" duration-ms="5" status="PASS">
          <params>
            <param index="0">
              <value>
                <![CDATA[[TestResult name=Add2Bag status=SUCCESS method=BaseClass.Add2Bag()[pri:6, instance:Tests.BaseClass@6e9175d8] output={null}]]]>
              </value>
            </param>
          </params>
          <reporter-output>
          </reporter-output>
        </test-method> <!-- getResult -->
        <test-method signature="AddShippingAddress()[pri:7, instance:Tests.BaseClass@6e9175d8]" started-at="2023-03-21T12:54:40 PKT" name="AddShippingAddress" finished-at="2023-03-21T12:54:54 PKT" duration-ms="14030" status="PASS">
          <reporter-output>
          </reporter-output>
        </test-method> <!-- AddShippingAddress -->
        <test-method is-config="true" signature="getResult(org.testng.ITestResult)[pri:0, instance:Tests.BaseClass@6e9175d8]" started-at="2023-03-21T12:54:54 PKT" name="getResult" finished-at="2023-03-21T12:54:54 PKT" duration-ms="5" status="PASS">
          <params>
            <param index="0">
              <value>
                <![CDATA[[TestResult name=AddShippingAddress status=SUCCESS method=BaseClass.AddShippingAddress()[pri:7, instance:Tests.BaseClass@6e9175d8] output={null}]]]>
              </value>
            </param>
          </params>
          <reporter-output>
          </reporter-output>
        </test-method> <!-- getResult -->
        <test-method signature="AddPaymentMethod()[pri:8, instance:Tests.BaseClass@6e9175d8]" started-at="2023-03-21T12:54:54 PKT" name="AddPaymentMethod" finished-at="2023-03-21T12:55:13 PKT" duration-ms="18773" status="PASS">
          <reporter-output>
          </reporter-output>
        </test-method> <!-- AddPaymentMethod -->
        <test-method is-config="true" signature="getResult(org.testng.ITestResult)[pri:0, instance:Tests.BaseClass@6e9175d8]" started-at="2023-03-21T12:55:13 PKT" name="getResult" finished-at="2023-03-21T12:55:13 PKT" duration-ms="3" status="PASS">
          <params>
            <param index="0">
              <value>
                <![CDATA[[TestResult name=AddPaymentMethod status=SUCCESS method=BaseClass.AddPaymentMethod()[pri:8, instance:Tests.BaseClass@6e9175d8] output={null}]]]>
              </value>
            </param>
          </params>
          <reporter-output>
          </reporter-output>
        </test-method> <!-- getResult -->
        <test-method signature="COD_Paypal()[pri:9, instance:Tests.BaseClass@6e9175d8]" started-at="2023-03-21T12:55:13 PKT" name="COD_Paypal" finished-at="2023-03-21T12:55:26 PKT" duration-ms="12727" status="PASS">
          <reporter-output>
          </reporter-output>
        </test-method> <!-- COD_Paypal -->
        <test-method is-config="true" signature="getResult(org.testng.ITestResult)[pri:0, instance:Tests.BaseClass@6e9175d8]" started-at="2023-03-21T12:55:26 PKT" name="getResult" finished-at="2023-03-21T12:55:26 PKT" duration-ms="12" status="PASS">
          <params>
            <param index="0">
              <value>
                <![CDATA[[TestResult name=COD_Paypal status=SUCCESS method=BaseClass.COD_Paypal()[pri:9, instance:Tests.BaseClass@6e9175d8] output={null}]]]>
              </value>
            </param>
          </params>
          <reporter-output>
          </reporter-output>
        </test-method> <!-- getResult -->
        <test-method signature="Wishlist_Validations()[pri:10, instance:Tests.BaseClass@6e9175d8]" started-at="2023-03-21T12:55:26 PKT" name="Wishlist_Validations" finished-at="2023-03-21T12:55:47 PKT" duration-ms="21010" status="PASS">
          <reporter-output>
          </reporter-output>
        </test-method> <!-- Wishlist_Validations -->
        <test-method is-config="true" signature="getResult(org.testng.ITestResult)[pri:0, instance:Tests.BaseClass@6e9175d8]" started-at="2023-03-21T12:55:47 PKT" name="getResult" finished-at="2023-03-21T12:55:47 PKT" duration-ms="3" status="PASS">
          <params>
            <param index="0">
              <value>
                <![CDATA[[TestResult name=Wishlist_Validations status=SUCCESS method=BaseClass.Wishlist_Validations()[pri:10, instance:Tests.BaseClass@6e9175d8] output={null}]]]>
              </value>
            </param>
          </params>
          <reporter-output>
          </reporter-output>
        </test-method> <!-- getResult -->
        <test-method signature="Logout_ChangeLanguage()[pri:11, instance:Tests.BaseClass@6e9175d8]" started-at="2023-03-21T12:55:47 PKT" name="Logout_ChangeLanguage" finished-at="2023-03-21T12:55:54 PKT" duration-ms="7169" status="PASS">
          <reporter-output>
          </reporter-output>
        </test-method> <!-- Logout_ChangeLanguage -->
        <test-method is-config="true" signature="getResult(org.testng.ITestResult)[pri:0, instance:Tests.BaseClass@6e9175d8]" started-at="2023-03-21T12:55:54 PKT" name="getResult" finished-at="2023-03-21T12:55:54 PKT" duration-ms="2" status="PASS">
          <params>
            <param index="0">
              <value>
                <![CDATA[[TestResult name=Logout_ChangeLanguage status=SUCCESS method=BaseClass.Logout_ChangeLanguage()[pri:11, instance:Tests.BaseClass@6e9175d8] output={null}]]]>
              </value>
            </param>
          </params>
          <reporter-output>
          </reporter-output>
        </test-method> <!-- getResult -->
        <test-method is-config="true" signature="teradown()[pri:0, instance:Tests.BaseClass@6e9175d8]" started-at="2023-03-21T12:55:54 PKT" name="teradown" finished-at="2023-03-21T12:55:55 PKT" duration-ms="461" status="PASS">
          <reporter-output>
          </reporter-output>
        </test-method> <!-- teradown -->
      </class> <!-- Tests.BaseClass -->
    </test> <!-- Default test -->
  </suite> <!-- Default suite -->
</testng-results>
